<?xml version="1.0" encoding="utf-8"?><testsuites><testsuite errors="0" failures="2" hostname="babhero" name="pytest" skipped="0" tests="3" time="0.228" timestamp="2024-12-10T05:29:28.777060"><testcase classname="joy_to_motion.test.test_copyright" file="test/test_copyright.py" line="18" name="test_copyright" time="0.018"><failure message="AssertionError: Found errors
assert 1 == 0">test/test_copyright.py:23: in test_copyright
    assert rc == 0, &apos;Found errors&apos;
E   AssertionError: Found errors
E   assert 1 == 0</failure><system-err>joy_to_motion/joy_to_motion.py: could not find copyright notice
1 errors, checked 5 files
</system-err></testcase><testcase classname="joy_to_motion.test.test_flake8" file="test/test_flake8.py" line="18" name="test_flake8" time="0.097"><failure message="AssertionError: Found 5 code style errors / warnings:
  ./joy_to_motion/joy_to_motion.py:10:1: W293 blank line contains whitespace
  ./joy_to_motion/joy_to_motion.py:13:1: W293 blank line contains whitespace
  ./joy_to_motion/joy_to_motion.py:36:1: W293 blank line contains whitespace
  ./joy_to_motion/joy_to_motion.py:45:1: W293 blank line contains whitespace
  ./joy_to_motion/joy_to_motion.py:48:1: W293 blank line contains whitespace
assert 1 == 0">test/test_flake8.py:23: in test_flake8
    assert rc == 0, \
E   AssertionError: Found 5 code style errors / warnings:
E     ./joy_to_motion/joy_to_motion.py:10:1: W293 blank line contains whitespace
E     ./joy_to_motion/joy_to_motion.py:13:1: W293 blank line contains whitespace
E     ./joy_to_motion/joy_to_motion.py:36:1: W293 blank line contains whitespace
E     ./joy_to_motion/joy_to_motion.py:45:1: W293 blank line contains whitespace
E     ./joy_to_motion/joy_to_motion.py:48:1: W293 blank line contains whitespace
E   assert 1 == 0</failure><system-out>
./joy_to_motion/joy_to_motion.py:10:1: W293 blank line contains whitespace
        
^

./joy_to_motion/joy_to_motion.py:13:1: W293 blank line contains whitespace
        
^

./joy_to_motion/joy_to_motion.py:36:1: W293 blank line contains whitespace
        
^

./joy_to_motion/joy_to_motion.py:45:1: W293 blank line contains whitespace
    
^

./joy_to_motion/joy_to_motion.py:48:1: W293 blank line contains whitespace
    
^

5     W293 blank line contains whitespace

6 files checked
5 errors

&apos;W&apos;-type errors: 5

Checked files:

* ./setup.py
* ./joy_to_motion/__init__.py
* ./joy_to_motion/joy_to_motion.py
* ./test/test_copyright.py
* ./test/test_flake8.py
* ./test/test_pep257.py
</system-out></testcase><testcase classname="joy_to_motion.test.test_pep257" file="test/test_pep257.py" line="18" name="test_pep257" time="0.009"><system-out>checking ./joy_to_motion/__init__.py
checking ./joy_to_motion/joy_to_motion.py
checking ./setup.py
checking ./test/test_copyright.py
checking ./test/test_flake8.py
checking ./test/test_pep257.py
checking test/test_copyright.py
checking test/test_flake8.py
checking test/test_pep257.py
No problems found
</system-out></testcase></testsuite></testsuites>