[1m============================= test session starts ==============================[0m
platform linux -- Python 3.8.10, pytest-4.6.9, py-1.8.1, pluggy-0.13.0
cachedir: /ros_ws/joy_motion_ws/ros2_ws/build/joy_to_motion/.pytest_cache
rootdir: /ros_ws/joy_motion_ws/ros2_ws/src/joy_to_motion
plugins: ament-lint-0.9.8, ament-copyright-0.9.8, ament-flake8-0.9.8, ament-pep257-0.9.8, ament-xmllint-0.9.8, launch-testing-0.10.10, launch-testing-ros-0.11.7, colcon-core-0.18.4, cov-2.8.1
[1mcollecting ... [0m[1m
collected 3 items                                                              [0m

test/test_copyright.py [31mF[0m[36m                                                 [ 33%][0m
test/test_flake8.py [31mF[0m[36m                                                    [ 66%][0m
test/test_pep257.py [32m.[0m[36m                                                    [100%][0m

=================================== FAILURES ===================================
[31m[1m________________________________ test_copyright ________________________________[0m
[1m[31mtest/test_copyright.py[0m:23: in test_copyright
[1m    assert rc == 0, 'Found errors'[0m
[1m[31mE   AssertionError: Found errors[0m
[1m[31mE   assert 1 == 0[0m
----------------------------- Captured stderr call -----------------------------
joy_to_motion/joy_to_motion.py: could not find copyright notice
1 errors, checked 5 files
[31m[1m_________________________________ test_flake8 __________________________________[0m
[1m[31mtest/test_flake8.py[0m:23: in test_flake8
[1m    assert rc == 0, \[0m
[1m[31mE   AssertionError: Found 5 code style errors / warnings:[0m
[1m[31mE     ./joy_to_motion/joy_to_motion.py:10:1: W293 blank line contains whitespace[0m
[1m[31mE     ./joy_to_motion/joy_to_motion.py:13:1: W293 blank line contains whitespace[0m
[1m[31mE     ./joy_to_motion/joy_to_motion.py:36:1: W293 blank line contains whitespace[0m
[1m[31mE     ./joy_to_motion/joy_to_motion.py:45:1: W293 blank line contains whitespace[0m
[1m[31mE     ./joy_to_motion/joy_to_motion.py:48:1: W293 blank line contains whitespace[0m
[1m[31mE   assert 1 == 0[0m
----------------------------- Captured stdout call -----------------------------

./joy_to_motion/joy_to_motion.py:10:1: W293 blank line contains whitespace
        
^

./joy_to_motion/joy_to_motion.py:13:1: W293 blank line contains whitespace
        
^

./joy_to_motion/joy_to_motion.py:36:1: W293 blank line contains whitespace
        
^

./joy_to_motion/joy_to_motion.py:45:1: W293 blank line contains whitespace
    
^

./joy_to_motion/joy_to_motion.py:48:1: W293 blank line contains whitespace
    
^

5     W293 blank line contains whitespace

6 files checked
5 errors

'W'-type errors: 5

Checked files:

* ./setup.py
* ./joy_to_motion/__init__.py
* ./joy_to_motion/joy_to_motion.py
* ./test/test_copyright.py
* ./test/test_flake8.py
* ./test/test_pep257.py
[33m=============================== warnings summary ===============================[0m
/usr/lib/python3/dist-packages/pydocstyle/config.py:6
  Warning: Using or importing the ABCs from 'collections' instead of from 'collections.abc' is deprecated since Python 3.3, and in 3.10 it will stop working

- generated xml file: /ros_ws/joy_motion_ws/ros2_ws/build/joy_to_motion/pytest.xml -
[31m[1m================ 2 failed, 1 passed, 1 warnings in 0.23 seconds ================[0m
-- Docs: https://docs.pytest.org/en/latest/warnings.html
