[1.063s] Invoking command in '/ros_ws/joy_motion_ws/ros2_ws/src/joy_to_motion': AMENT_PREFIX_PATH=/ros_ws/joy_motion_ws/ros2_ws/install/joy_to_motion:${AMENT_PREFIX_PATH} PYTEST_ADDOPTS=--tb=short --junit-xml=/ros_ws/joy_motion_ws/ros2_ws/build/joy_to_motion/pytest.xml --junit-prefix=joy_to_motion -o cache_dir=/ros_ws/joy_motion_ws/ros2_ws/build/joy_to_motion/.pytest_cache PYTHONDONTWRITEBYTECODE=1 PYTHONPATH=/ros_ws/joy_motion_ws/ros2_ws/build/joy_to_motion:/ros_ws/joy_motion_ws/ros2_ws/install/joy_to_motion/lib/python3.8/site-packages:${PYTHONPATH} /usr/bin/python3 -m pytest
[1.535s] [1m============================= test session starts ==============================[0m
[1.535s] platform linux -- Python 3.8.10, pytest-4.6.9, py-1.8.1, pluggy-0.13.0
[1.541s] cachedir: /ros_ws/joy_motion_ws/ros2_ws/build/joy_to_motion/.pytest_cache
[1.541s] rootdir: /ros_ws/joy_motion_ws/ros2_ws/src/joy_to_motion
[1.541s] plugins: ament-lint-0.9.8, ament-copyright-0.9.8, ament-flake8-0.9.8, ament-pep257-0.9.8, ament-xmllint-0.9.8, launch-testing-0.10.10, launch-testing-ros-0.11.7, colcon-core-0.18.4, cov-2.8.1
[1.600s] [1mcollecting ... [0m[1m
[1.600s] collected 3 items                                                              [0m
[1.600s] 
[1.648s] test/test_copyright.py [31mF[0m[36m                                                 [ 33%][0m
[1.749s] test/test_flake8.py [31mF[0m[36m                                                    [ 66%][0m
[1.760s] test/test_pep257.py [32m.[0m[36m                                                    [100%][0m
[1.760s] 
[1.760s] =================================== FAILURES ===================================
[1.760s] [31m[1m________________________________ test_copyright ________________________________[0m
[1.761s] [1m[31mtest/test_copyright.py[0m:23: in test_copyright
[1.761s] [1m    assert rc == 0, 'Found errors'[0m
[1.761s] [1m[31mE   AssertionError: Found errors[0m
[1.761s] [1m[31mE   assert 1 == 0[0m
[1.761s] ----------------------------- Captured stderr call -----------------------------
[1.761s] joy_to_motion/joy_to_motion.py: could not find copyright notice
[1.761s] 1 errors, checked 5 files
[1.761s] [31m[1m_________________________________ test_flake8 __________________________________[0m
[1.761s] [1m[31mtest/test_flake8.py[0m:23: in test_flake8
[1.761s] [1m    assert rc == 0, \[0m
[1.761s] [1m[31mE   AssertionError: Found 5 code style errors / warnings:[0m
[1.761s] [1m[31mE     ./joy_to_motion/joy_to_motion.py:10:1: W293 blank line contains whitespace[0m
[1.761s] [1m[31mE     ./joy_to_motion/joy_to_motion.py:13:1: W293 blank line contains whitespace[0m
[1.762s] [1m[31mE     ./joy_to_motion/joy_to_motion.py:36:1: W293 blank line contains whitespace[0m
[1.762s] [1m[31mE     ./joy_to_motion/joy_to_motion.py:45:1: W293 blank line contains whitespace[0m
[1.762s] [1m[31mE     ./joy_to_motion/joy_to_motion.py:48:1: W293 blank line contains whitespace[0m
[1.762s] [1m[31mE   assert 1 == 0[0m
[1.762s] ----------------------------- Captured stdout call -----------------------------
[1.762s] 
[1.762s] ./joy_to_motion/joy_to_motion.py:10:1: W293 blank line contains whitespace
[1.762s]         
[1.762s] ^
[1.762s] 
[1.762s] ./joy_to_motion/joy_to_motion.py:13:1: W293 blank line contains whitespace
[1.762s]         
[1.762s] ^
[1.762s] 
[1.763s] ./joy_to_motion/joy_to_motion.py:36:1: W293 blank line contains whitespace
[1.763s]         
[1.763s] ^
[1.763s] 
[1.763s] ./joy_to_motion/joy_to_motion.py:45:1: W293 blank line contains whitespace
[1.763s]     
[1.763s] ^
[1.763s] 
[1.763s] ./joy_to_motion/joy_to_motion.py:48:1: W293 blank line contains whitespace
[1.763s]     
[1.763s] ^
[1.763s] 
[1.763s] 5     W293 blank line contains whitespace
[1.763s] 
[1.763s] 6 files checked
[1.764s] 5 errors
[1.764s] 
[1.764s] 'W'-type errors: 5
[1.764s] 
[1.764s] Checked files:
[1.764s] 
[1.764s] * ./setup.py
[1.764s] * ./joy_to_motion/__init__.py
[1.764s] * ./joy_to_motion/joy_to_motion.py
[1.764s] * ./test/test_copyright.py
[1.764s] * ./test/test_flake8.py
[1.764s] * ./test/test_pep257.py
[1.764s] [33m=============================== warnings summary ===============================[0m
[1.764s] /usr/lib/python3/dist-packages/pydocstyle/config.py:6
[1.765s]   Warning: Using or importing the ABCs from 'collections' instead of from 'collections.abc' is deprecated since Python 3.3, and in 3.10 it will stop working
[1.765s] 
[1.765s] - generated xml file: /ros_ws/joy_motion_ws/ros2_ws/build/joy_to_motion/pytest.xml -
[1.765s] [31m[1m================ 2 failed, 1 passed, 1 warnings in 0.23 seconds ================[0m
[1.765s] -- Docs: https://docs.pytest.org/en/latest/warnings.html
[1.807s] Invoked command in '/ros_ws/joy_motion_ws/ros2_ws/src/joy_to_motion' returned '1': AMENT_PREFIX_PATH=/ros_ws/joy_motion_ws/ros2_ws/install/joy_to_motion:${AMENT_PREFIX_PATH} PYTEST_ADDOPTS=--tb=short --junit-xml=/ros_ws/joy_motion_ws/ros2_ws/build/joy_to_motion/pytest.xml --junit-prefix=joy_to_motion -o cache_dir=/ros_ws/joy_motion_ws/ros2_ws/build/joy_to_motion/.pytest_cache PYTHONDONTWRITEBYTECODE=1 PYTHONPATH=/ros_ws/joy_motion_ws/ros2_ws/build/joy_to_motion:/ros_ws/joy_motion_ws/ros2_ws/install/joy_to_motion/lib/python3.8/site-packages:${PYTHONPATH} /usr/bin/python3 -m pytest
